Removed Pin From Net: NetName=SOURCE Pin=Cov1-1
Removed Pin From Net: NetName=+24V Pin=Cov1-2
Removed Pin From Net: NetName=SOURCE Pin=Cov2-1
Removed Pin From Net: NetName=+24V Pin=Cov2-2
Removed Pin From Net: NetName=SOURCE Pin=Cov3-1
Removed Pin From Net: NetName=+24V Pin=Cov3-2
Removed Pin From Net: NetName=SOURCE Pin=Cov4-1
Removed Pin From Net: NetName=+24V Pin=Cov4-2
Removed Pin From Net: NetName=SOURCE Pin=Cov5-1
Removed Pin From Net: NetName=+24V Pin=Cov5-2
Removed Pin From Net: NetName=SOURCE Pin=Cov6-1
Removed Pin From Net: NetName=+24V Pin=Cov6-2
Removed Pin From Net: NetName=SOURCE Pin=CS-2
Removed Pin From Net: NetName=+24V Pin=Dov-K
Removed Pin From Net: NetName=+24V Pin=S1-2
Removed Member From Class: ClassName=Chopper PMDC Member=Cov1
Removed Member From Class: ClassName=Chopper PMDC Member=Cov2
Removed Member From Class: ClassName=Chopper PMDC Member=Cov3
Removed Member From Class: ClassName=Chopper PMDC Member=Cov4
Removed Member From Class: ClassName=Chopper PMDC Member=Cov5
Removed Member From Class: ClassName=Chopper PMDC Member=Cov6
Removed Member From Class: ClassName=Chopper PMDC Member=Dov
Change Component Comment : Designator=U1 Old Comment=LT783 New Comment=TL783
Change Component Designator: OldDesignator=RS NewDesignator=RS1
Added Component: Designator=RS2(AXIAL-0.3)
Added Pin To Net: NetName=SOURCE Pin=CS-1
Added Pin To Net: NetName=NetCs_2 Pin=CS-2
Added Pin To Net: NetName=NetCs_2 Pin=DS-K
Added Pin To Net: NetName=NetCs_2 Pin=RS1-1
Added Pin To Net: NetName=NetCs_2 Pin=RS2-1
Added Net: Name=NetCs_2
Added Pin To Net: NetName=NetDS_1 Pin=DS-A
Added Pin To Net: NetName=NetDS_1 Pin=P4-1
Added Pin To Net: NetName=NetDS_1 Pin=P4-2
Added Pin To Net: NetName=NetDS_1 Pin=P4-3
Added Pin To Net: NetName=NetDS_1 Pin=P4-4
Added Pin To Net: NetName=NetDS_1 Pin=RS1-2
Added Pin To Net: NetName=NetDS_1 Pin=RS2-2
Added Pin To Net: NetName=NetDS_1 Pin=S1-1
Added Pin To Net: NetName=NetDS_1 Pin=S1-1
Added Pin To Net: NetName=NetDS_1 Pin=S2-3
Added Net: Name=NetDS_1
Added Member To Class: ClassName=Chopper PMDC Member=Component RS2 Res1
Added Room: Name=Chopper PMDC
