Removed Pin From Net: NetName=+5V Pin=C?-1
Removed Pin From Net: NetName=+24V Pin=C?-2
Removed Pin From Net: NetName=+24V Pin=D?-A
Removed Pin From Net: NetName=+24V Pin=D?-K
Change Component Designator: OldDesignator=C? NewDesignator=C1
Change Component Designator: OldDesignator=C? NewDesignator=C2
Change Component Designator: OldDesignator=C? NewDesignator=C3
Change Component Designator: OldDesignator=C? NewDesignator=C4
Change Component Designator: OldDesignator=C? NewDesignator=C5
Change Component Designator: OldDesignator=C? NewDesignator=C6
Change Component Designator: OldDesignator=C? NewDesignator=C11
Change Component Designator: OldDesignator=C? NewDesignator=C12
Change Component Designator: OldDesignator=C? NewDesignator=C16
Change Component Designator: OldDesignator=C? NewDesignator=C17
Change Component Designator: OldDesignator=Cbs? NewDesignator=Cbs1
Change Component Designator: OldDesignator=D? NewDesignator=D1
Change Component Designator: OldDesignator=D? NewDesignator=D2
Change Component Designator: OldDesignator=D? NewDesignator=D3
Change Component Designator: OldDesignator=D? NewDesignator=D4
Change Component Designator: OldDesignator=Dbs? NewDesignator=Dbs1
Change Component Designator: OldDesignator=Dgfall? NewDesignator=Dgfall1
Change Component Designator: OldDesignator=Dz? NewDesignator=Dz2
Change Component Designator: OldDesignator=P? NewDesignator=P1
Change Component Designator: OldDesignator=P? NewDesignator=P2
Change Component Designator: OldDesignator=P? NewDesignator=P3
Change Component Designator: OldDesignator=P? NewDesignator=P4
Change Component Designator: OldDesignator=P? NewDesignator=P5
Change Component Designator: OldDesignator=P? NewDesignator=P6
Change Component Designator: OldDesignator=P? NewDesignator=P7
Change Component Designator: OldDesignator=P? NewDesignator=P8
Change Component Designator: OldDesignator=P? NewDesignator=P9
Change Component Designator: OldDesignator=P? NewDesignator=P10
Change Component Designator: OldDesignator=P? NewDesignator=P11
Change Component Designator: OldDesignator=P? NewDesignator=P12
Change Component Designator: OldDesignator=P? NewDesignator=P13
Change Component Designator: OldDesignator=R? NewDesignator=R1
Change Component Designator: OldDesignator=R? NewDesignator=R2
Change Component Designator: OldDesignator=R? NewDesignator=R3
Change Component Designator: OldDesignator=R? NewDesignator=R4
Change Component Designator: OldDesignator=R? NewDesignator=R5
Change Component Designator: OldDesignator=R? NewDesignator=R6
Change Component Designator: OldDesignator=R? NewDesignator=R7
Change Component Designator: OldDesignator=R? NewDesignator=R8
Change Component Designator: OldDesignator=R? NewDesignator=R9
Change Component Designator: OldDesignator=R? NewDesignator=R10
Change Component Designator: OldDesignator=Rgfall? NewDesignator=Rgfall1
Change Component Designator: OldDesignator=Rgrise? NewDesignator=Rgrise1
Change Component Designator: OldDesignator=RS? NewDesignator=RS1
Change Component Designator: OldDesignator=RS? NewDesignator=RS2
Change Component Designator: OldDesignator=S? NewDesignator=S1
Change Component Designator: OldDesignator=S? NewDesignator=S2
Change Component Designator: OldDesignator=U? NewDesignator=U1
Change Component Designator: OldDesignator=U? NewDesignator=U2
Change Component Designator: OldDesignator=Y? NewDesignator=Y1
Change Component Designator: OldDesignator=Y? NewDesignator=Y2
Added Pin To Net: NetName=+24V Pin=C4-2
Added Pin To Net: NetName=+24V Pin=C5-2
Added Pin To Net: NetName=SOURCE Pin=C11-1
Added Pin To Net: NetName=SOURCE Pin=C12-1
Added Pin To Net: NetName=SOURCE Pin=C16-1
Added Pin To Net: NetName=SOURCE Pin=C17-1
Added Pin To Net: NetName=+24V Pin=D1-A
Added Pin To Net: NetName=NetD?_1 Pin=D3-A
Added Pin To Net: NetName=NetD?_2 Pin=D3-K
Added Pin To Net: NetName=+24V Pin=D4-K
Added Pin To Net: NetName=SOURCE Pin=P9-2
Added Pin To Net: NetName=SOURCE Pin=P10-2
Added Pin To Net: NetName=+5V Pin=P12-1
Added Pin To Net: NetName=SOURCE Pin=P12-3
Added Pin To Net: NetName=+15V Pin=P13-2
Added Pin To Net: NetName=+24V Pin=R1-1
Added Pin To Net: NetName=SOURCE Pin=R7-1
Added Pin To Net: NetName=NetC?_2 Pin=R7-2
Added Pin To Net: NetName=NetC?_2 Pin=U1-1
Added Pin To Net: NetName=+24V Pin=U1-2
Added Pin To Net: NetName=NetC?_2 Pin=U1-3
Change Net Name : Old Net Name=NetC?_2 New Net Name=NetC2_2
Change Net Name : Old Net Name=NetC?_2 New Net Name=NetC6_2
Change Net Name : Old Net Name=NetCbs?_2 New Net Name=NetCbs1_2
Change Net Name : Old Net Name=NetD?_1 New Net Name=NetD3_1
Change Net Name : Old Net Name=NetD?_2 New Net Name=NetD3_2
Change Net Name : Old Net Name=NetDgfall?_2 New Net Name=NetDgfall1_2
Change Net Name : Old Net Name=NetDS?_1 New Net Name=NetDS1_1
Change Net Name : Old Net Name=NetP?_1 New Net Name=NetP7_1
Change Net Name : Old Net Name=NetR?_1 New Net Name=NetR2_2
Change Net Name : Old Net Name=NetR?_1 New Net Name=NetR4_2
Change Net Name : Old Net Name=NetR?_2 New Net Name=NetR3_2
Change Net Name : Old Net Name=NetR?_2 New Net Name=NetR9_2
Added Pin To Net: NetName=NetC11_2 Pin=C11-2
Added Pin To Net: NetName=NetC11_2 Pin=Y1-2
Added Net: Name=NetC11_2
Added Pin To Net: NetName=NetC12_2 Pin=C12-2
Added Pin To Net: NetName=NetC12_2 Pin=Y1-1
Added Net: Name=NetC12_2
Added Pin To Net: NetName=NetC16_2 Pin=C16-2
Added Pin To Net: NetName=NetC16_2 Pin=Y2-2
Added Net: Name=NetC16_2
Added Pin To Net: NetName=NetC17_2 Pin=C17-2
Added Pin To Net: NetName=NetC17_2 Pin=Y2-1
Added Net: Name=NetC17_2
Added Pin To Net: NetName=NetCs1_2 Pin=RS1-1
Added Pin To Net: NetName=NetCs1_2 Pin=RS2-1
Added Net: Name=NetCs1_2
Added Pin To Net: NetName=NetD5_1 Pin=P13-1
Added Net: Name=NetD5_1
Added Pin To Net: NetName=NetD6_1 Pin=P13-3
Added Net: Name=NetD6_1
Added Pin To Net: NetName=NetDz2_2 Pin=Dz2-2
Added Net: Name=NetDz2_2
Added Net: Name=NetDz3_2
Added Net: Name=NetLD1_1
Added Pin To Net: NetName=NetP9_1 Pin=P9-1
Added Net: Name=NetP9_1
Added Pin To Net: NetName=NetP10_1 Pin=P10-1
Added Net: Name=NetP10_1
Added Pin To Net: NetName=NetP11_2 Pin=P11-2
Added Net: Name=NetP11_2
Added Pin To Net: NetName=NetP11_3 Pin=P11-3
Added Net: Name=NetP11_3
Added Pin To Net: NetName=NetP12_2 Pin=P12-2
Added Net: Name=NetP12_2
Added Net: Name=NetQ1_2
Added Net: Name=NetQ2_2
Added Net: Name=NetR12_1
Added Net: Name=NetR14_1
Added Net: Name=NetR16_2
Added Net: Name=NetR17_1
Added Net: Name=NetR17_2
Added Net: Name=NetR18_2
Added Net: Name=NetR19_1
Added Net: Name=NetR20_2
Added Net: Name=NetU5_4
Added Net: Name=NetU5_16
Added Net: Name=NetU5_17
Added Net: Name=NetU5_18
Added Net: Name=NetU5_19
Added Net: Name=NetU5_23
Added Net: Name=NetU5_27
Added Net: Name=NetU7_1
Added Net: Name=NetU7_2
Added Net: Name=NetU7_16
Added Member To Class: ClassName=Chopper PMDC Member=Component C1 Cap
Added Member To Class: ClassName=Chopper PMDC Member=Component C2 Cap
Added Member To Class: ClassName=Chopper PMDC Member=Component C3 Cap
Added Member To Class: ClassName=Chopper PMDC Member=Component C4 Cap
Added Member To Class: ClassName=Chopper PMDC Member=Component C5 Cap
Added Member To Class: ClassName=Chopper PMDC Member=Component C11 Cap
Added Member To Class: ClassName=Chopper PMDC Member=Component C12 Cap
Added Member To Class: ClassName=Chopper PMDC Member=Component C16 Cap
Added Member To Class: ClassName=Chopper PMDC Member=Component C17 Cap
Added Member To Class: ClassName=Chopper PMDC Member=Component D1 BYD77
Added Member To Class: ClassName=Chopper PMDC Member=Component D2 Diode 1N4002
Added Member To Class: ClassName=Chopper PMDC Member=Component D3 BYD77
Added Member To Class: ClassName=Chopper PMDC Member=Component P1 Header 2X2
Added Member To Class: ClassName=Chopper PMDC Member=Component P2 Header 2X2
Added Member To Class: ClassName=Chopper PMDC Member=Component P4 Header 2X2
Added Member To Class: ClassName=Chopper PMDC Member=Component P5 Header 2X2
Added Member To Class: ClassName=Chopper PMDC Member=Component P6 Header 2X2
Added Member To Class: ClassName=Chopper PMDC Member=Component P7 Header 2X2
Added Member To Class: ClassName=Chopper PMDC Member=Component P8 Header 2X2
Added Member To Class: ClassName=Chopper PMDC Member=Component P9 Deadman's Switch
Added Member To Class: ClassName=Chopper PMDC Member=Component P10 ON/OFF
Added Member To Class: ClassName=Chopper PMDC Member=Component P11 UART
Added Member To Class: ClassName=Chopper PMDC Member=Component P12 WE-Terminal Blocks Screw Type 691103110003
Added Member To Class: ClassName=Chopper PMDC Member=Component P13 POWER RElAY
Added Member To Class: ClassName=Chopper PMDC Member=Component R1 Res1
Added Member To Class: ClassName=Chopper PMDC Member=Component R2 1%
Added Member To Class: ClassName=Chopper PMDC Member=Component R3 1%
Added Member To Class: ClassName=Chopper PMDC Member=Component R4 1%
Added Member To Class: ClassName=Chopper PMDC Member=Component R5 1%
Added Member To Class: ClassName=Chopper PMDC Member=Component R7 Res1
Added Member To Class: ClassName=Chopper PMDC Member=Component R8 1%
Added Member To Class: ClassName=Chopper PMDC Member=Component R9 1%
Added Member To Class: ClassName=Chopper PMDC Member=Component R10 1%
Added Member To Class: ClassName=Chopper PMDC Member=Component RS1 Res1
Added Member To Class: ClassName=Chopper PMDC Member=Component S1 IXFN420N10T
Added Member To Class: ClassName=Chopper PMDC Member=Component U1 LM317
Added Member To Class: ClassName=Chopper PMDC Member=Component Y1 16MHz
