Removed Pin From Net: NetName=+15V Pin=C3-2
Removed Pin From Net: NetName=+15V Pin=C4-2
Removed Pin From Net: NetName=+15V Pin=C9-1
Removed Pin From Net: NetName=SOURCE Pin=C9-2
Removed Pin From Net: NetName=SOURCE Pin=Cd-2
Removed Pin From Net: NetName=SOURCE Pin=CS-1
Removed Pin From Net: NetName=SOURCE Pin=CT-2
Removed Pin From Net: NetName=+15V Pin=D2-A
Removed Pin From Net: NetName=+15V Pin=D9-K
Removed Pin From Net: NetName=NetDS_1 Pin=DS-A
Removed Pin From Net: NetName=SOURCE Pin=LD2-2
Removed Pin From Net: NetName=+15V Pin=R4-1
Removed Pin From Net: NetName=+15V Pin=R6-2
Removed Pin From Net: NetName=SOURCE Pin=R8-2
Removed Pin From Net: NetName=+15V Pin=R9-1
Removed Pin From Net: NetName=PWM Pin=R9-2
Removed Pin From Net: NetName=+15V Pin=R9b-1
Removed Pin From Net: NetName=PWM Pin=R9b-2
Removed Pin From Net: NetName=SOURCE Pin=R_MinLimit-2
Removed Pin From Net: NetName=SOURCE Pin=Rpot2wires-2
Removed Pin From Net: NetName=SOURCE Pin=RT-2
Removed Pin From Net: NetName=+24V Pin=S1-3
Removed Pin From Net: NetName=+15V Pin=U1-2
Removed Member From Class: ClassName=Chopper PMDC Member=C9
Removed Member From Class: ClassName=Chopper PMDC Member=Cd
Removed Member From Class: ClassName=Chopper PMDC Member=CS
Removed Member From Class: ClassName=Chopper PMDC Member=CT
Removed Member From Class: ClassName=Chopper PMDC Member=Dd
Removed Member From Class: ClassName=Chopper PMDC Member=DS
Removed Member From Class: ClassName=Chopper PMDC Member=LD2
Removed Member From Class: ClassName=Chopper PMDC Member=R6
Removed Member From Class: ClassName=Chopper PMDC Member=R8
Removed Member From Class: ClassName=Chopper PMDC Member=R9b
Removed Member From Class: ClassName=Chopper PMDC Member=R9
Removed Member From Class: ClassName=Chopper PMDC Member=R_MaxLimit
Removed Member From Class: ClassName=Chopper PMDC Member=R_MinLimit
Removed Member From Class: ClassName=Chopper PMDC Member=Rd
Removed Member From Class: ClassName=Chopper PMDC Member=Rpot2wires
Removed Member From Class: ClassName=Chopper PMDC Member=RT
Change Component Comment : Designator=U1 Old Comment=TL783 New Comment=LM317
Change Component Designator: OldDesignator=C1 NewDesignator=C?
Change Component Designator: OldDesignator=C2 NewDesignator=C?
Change Component Designator: OldDesignator=C3 NewDesignator=C?
Change Component Designator: OldDesignator=C4 NewDesignator=C?
Change Component Designator: OldDesignator=C5 NewDesignator=C?
Change Component Designator: OldDesignator=C10 NewDesignator=C?
Change Component Designator: OldDesignator=Cbs NewDesignator=Cbs?
Change Component Designator: OldDesignator=D1 NewDesignator=D?
Change Component Designator: OldDesignator=D2 NewDesignator=D?
Change Component Designator: OldDesignator=D3 NewDesignator=D?
Change Component Designator: OldDesignator=D9 NewDesignator=D?
Change Component Designator: OldDesignator=Dbs NewDesignator=Dbs?
Change Component Designator: OldDesignator=Dgfall NewDesignator=Dgfall?
Change Component Designator: OldDesignator=Dz1 NewDesignator=Dz?
Change Component Designator: OldDesignator=P3 NewDesignator=P?
Change Component Designator: OldDesignator=P4 NewDesignator=P?
Change Component Designator: OldDesignator=P5 NewDesignator=P?
Change Component Designator: OldDesignator=P6 NewDesignator=P?
Change Component Designator: OldDesignator=P7 NewDesignator=P?
Change Component Designator: OldDesignator=P8 NewDesignator=P?
Change Component Designator: OldDesignator=P9 NewDesignator=P?
Change Component Designator: OldDesignator=P10 NewDesignator=P?
Change Component Designator: OldDesignator=P11 NewDesignator=P?
Change Component Designator: OldDesignator=R1 NewDesignator=R?
Change Component Designator: OldDesignator=R2 NewDesignator=R?
Change Component Designator: OldDesignator=R2b NewDesignator=R?
Change Component Designator: OldDesignator=R2c NewDesignator=R?
Change Component Designator: OldDesignator=R3 NewDesignator=R?
Change Component Designator: OldDesignator=R3b NewDesignator=R?
Change Component Designator: OldDesignator=R3c NewDesignator=R?
Change Component Designator: OldDesignator=R4 NewDesignator=R?
Change Component Designator: OldDesignator=R7 NewDesignator=R?
Change Component Designator: OldDesignator=R7b NewDesignator=R?
Change Component Designator: OldDesignator=Rgfall NewDesignator=Rgfall?
Change Component Designator: OldDesignator=Rgrise NewDesignator=Rgrise?
Change Component Designator: OldDesignator=RS1 NewDesignator=RS?
Change Component Designator: OldDesignator=RS2 NewDesignator=RS?
Change Component Designator: OldDesignator=S1 NewDesignator=S?
Change Component Designator: OldDesignator=S2 NewDesignator=S?
Change Component Designator: OldDesignator=U1 NewDesignator=U?
Change Component Designator: OldDesignator=U2 NewDesignator=U?
Added Component: Designator=C?(CAPC3216L)
Added Component: Designator=C?(CAPC3216L)
Added Component: Designator=C?(CAPC3216L)
Added Component: Designator=C?(CAPC3216L)
Added Component: Designator=P?(HDR1X2)
Added Component: Designator=P?(HDR1X2)
Added Component: Designator=P?(HDR1X3)
Added Component: Designator=P?(HDR1X4)
Added Component: Designator=Y?(BCY-W2/D3.1)
Added Component: Designator=Y?(BCY-W2/D3.1)
Added Pin To Net: NetName=SOURCE Pin=C?-1
Added Pin To Net: NetName=SOURCE Pin=C?-1
Added Pin To Net: NetName=SOURCE Pin=C?-1
Added Pin To Net: NetName=SOURCE Pin=C?-1
Added Pin To Net: NetName=SOURCE Pin=C?-1
Added Pin To Net: NetName=SOURCE Pin=C?-1
Added Pin To Net: NetName=SOURCE Pin=C?-1
Added Pin To Net: NetName=SOURCE Pin=C?-1
Added Pin To Net: NetName=SOURCE Pin=C?-1
Added Pin To Net: NetName=SOURCE Pin=C?-1
Added Pin To Net: NetName=SOURCE Pin=C?-1
Added Pin To Net: NetName=+15V Pin=C?-2
Added Pin To Net: NetName=+15V Pin=C?-2
Added Pin To Net: NetName=SOURCE Pin=C?-2
Added Pin To Net: NetName=SOURCE Pin=C?-2
Added Pin To Net: NetName=SOURCE Pin=C?-2
Added Pin To Net: NetName=+15V Pin=D?-K
Added Pin To Net: NetName=+15V Pin=D?-K
Added Pin To Net: NetName=SOURCE Pin=Dz?-1
Added Pin To Net: NetName=SOURCE Pin=Dz?-1
Added Pin To Net: NetName=FAULT Pin=Dz?-2
Added Pin To Net: NetName=+15V Pin=P?-2
Added Pin To Net: NetName=SOURCE Pin=P?-2
Added Pin To Net: NetName=SOURCE Pin=P?-2
Added Pin To Net: NetName=SOURCE Pin=P?-3
Added Pin To Net: NetName=SOURCE Pin=P?-4
Added Pin To Net: NetName=+24V Pin=R?-1
Added Pin To Net: NetName=SOURCE Pin=R?-1
Added Pin To Net: NetName=SOURCE Pin=R?-1
Added Pin To Net: NetName=SOURCE Pin=R?-1
Added Pin To Net: NetName=SOURCE Pin=R?-2
Added Pin To Net: NetName=SOURCE Pin=R?-2
Added Pin To Net: NetName=+15V Pin=U?-1
Added Pin To Net: NetName=SOURCE Pin=U?-2
Added Pin To Net: NetName=SOURCE Pin=U?-2
Added Pin To Net: NetName=SOURCE Pin=U?-2
Added Pin To Net: NetName=SOURCE Pin=U?-2
Added Pin To Net: NetName=+15V Pin=U?-3
Change Net Name : Old Net Name=+24V New Net Name=+VBAT
Change Net Name : Old Net Name=NetC1_2 New Net Name=NetC?_2
Change Net Name : Old Net Name=NetC10_2 New Net Name=NetC?_2
Change Net Name : Old Net Name=NetCbs_2 New Net Name=NetCbs?_2
Change Net Name : Old Net Name=NetD1_1 New Net Name=NetD?_1
Change Net Name : Old Net Name=NetD1_2 New Net Name=NetD?_2
Change Net Name : Old Net Name=NetDgfall_2 New Net Name=NetDgfall?_2
Change Net Name : Old Net Name=NetDS_1 New Net Name=NetDS?_1
Change Net Name : Old Net Name=NetP7_1 New Net Name=NetP?_1
Change Net Name : Old Net Name=NetR1_2 New Net Name=NetR?_2
Change Net Name : Old Net Name=NetR2_2 New Net Name=NetR?_1
Change Net Name : Old Net Name=NetR2b_1 New Net Name=NetR?_1
Change Net Name : Old Net Name=NetR3b_2 New Net Name=NetR?_2
Added Pin To Net: NetName=+5V Pin=C?-1
Added Pin To Net: NetName=+5V Pin=C?-1
Added Pin To Net: NetName=+5V Pin=C?-1
Added Pin To Net: NetName=+5V Pin=C?-2
Added Pin To Net: NetName=+5V Pin=C?-2
Added Pin To Net: NetName=+5V Pin=C?-2
Added Pin To Net: NetName=+5V Pin=C?-2
Added Pin To Net: NetName=+5V Pin=P?-1
Added Pin To Net: NetName=+5V Pin=R?-1
Added Pin To Net: NetName=+5V Pin=R?-2
Added Pin To Net: NetName=+5V Pin=U?-1
Added Pin To Net: NetName=+5V Pin=U?-3
Added Pin To Net: NetName=+5V Pin=U?-3
Added Net: Name=+5V
Added Pin To Net: NetName=+24V Pin=C?-2
Added Pin To Net: NetName=+24V Pin=C?-2
Added Pin To Net: NetName=+24V Pin=C?-2
Added Pin To Net: NetName=+24V Pin=D?-A
Added Pin To Net: NetName=+24V Pin=D?-K
Added Pin To Net: NetName=+24V Pin=R?-1
Added Pin To Net: NetName=+24V Pin=S?-3
Added Pin To Net: NetName=+24V Pin=U?-1
Added Pin To Net: NetName=+24V Pin=U?-2
Added Net: Name=+24V
Added Pin To Net: NetName=NetCs?_2 Pin=RS?-1
Added Pin To Net: NetName=NetCs?_2 Pin=RS?-1
Added Net: Name=NetCs?_2
Added Pin To Net: NetName=NetDz?_2 Pin=Dz?-2
Added Pin To Net: NetName=NetDz?_2 Pin=R?-1
Added Net: Name=NetDz?_2
Added Pin To Net: NetName=NetLD?_1 Pin=R?-2
Added Net: Name=NetLD?_1
Added Pin To Net: NetName=NetP?_2 Pin=P?-2
Added Pin To Net: NetName=NetP?_2 Pin=U?-3
Added Net: Name=NetP?_2
Added Pin To Net: NetName=NetP?_3 Pin=P?-3
Added Pin To Net: NetName=NetP?_3 Pin=U?-2
Added Net: Name=NetP?_3
Added Pin To Net: NetName=NetQ?_2 Pin=R?-1
Added Pin To Net: NetName=NetQ?_2 Pin=R?-2
Added Net: Name=NetQ?_2
Added Pin To Net: NetName=NetU?_1 Pin=U?-1
Added Pin To Net: NetName=NetU?_1 Pin=U?-1
Added Net: Name=NetU?_1
Added Pin To Net: NetName=NetU?_2 Pin=U?-2
Added Net: Name=NetU?_2
Added Pin To Net: NetName=NetU?_3 Pin=U?-3
Added Net: Name=NetU?_3
Added Net: Name=NetU?_4
Added Net: Name=NetU?_13
Added Net: Name=NetU?_14
Added Net: Name=NetU?_15
Added Net: Name=NetU?_16
Added Net: Name=NetU?_27
Added Pin To Net: NetName=VCC Pin=P?-1
Added Net: Name=VCC
Added Member To Class: ClassName=Chopper PMDC Member=Component C? Cap
Added Member To Class: ClassName=Chopper PMDC Member=Component C? Cap
Added Member To Class: ClassName=Chopper PMDC Member=Component C? Cap
Added Member To Class: ClassName=Chopper PMDC Member=Component C? Cap
Added Member To Class: ClassName=Chopper PMDC Member=Component C? Cap
Added Member To Class: ClassName=Chopper PMDC Member=Component C? Cap
Added Member To Class: ClassName=Chopper PMDC Member=Component C? Cap
Added Member To Class: ClassName=Chopper PMDC Member=Component C? Cap
Added Member To Class: ClassName=Chopper PMDC Member=Component C? Cap
Added Member To Class: ClassName=Chopper PMDC Member=Component C? Cap
Added Member To Class: ClassName=Chopper PMDC Member=Component C? Eltr
Added Member To Class: ClassName=Chopper PMDC Member=Component C? Cer
Added Member To Class: ClassName=Chopper PMDC Member=Component C? Eltr
Added Member To Class: ClassName=Chopper PMDC Member=Component C? Cer
Added Member To Class: ClassName=Chopper PMDC Member=Component D? 1N4002
Added Member To Class: ClassName=Chopper PMDC Member=Component D? 1N4002
Added Member To Class: ClassName=Chopper PMDC Member=Component Dz? 5V
Added Member To Class: ClassName=Chopper PMDC Member=Component Dz? 5V
Added Member To Class: ClassName=Chopper PMDC Member=Component P? ON/OFF
Added Member To Class: ClassName=Chopper PMDC Member=Component P? Deadman's Switch
Added Member To Class: ClassName=Chopper PMDC Member=Component P? POWER RElAY
Added Member To Class: ClassName=Chopper PMDC Member=Component P? UART
Added Member To Class: ClassName=Chopper PMDC Member=Component R? Res1
Added Member To Class: ClassName=Chopper PMDC Member=Component R? Res1
Added Member To Class: ClassName=Chopper PMDC Member=Component R? Res1
Added Member To Class: ClassName=Chopper PMDC Member=Component R? Res1
Added Member To Class: ClassName=Chopper PMDC Member=Component R? Res1
Added Member To Class: ClassName=Chopper PMDC Member=Component R? Res1
Added Member To Class: ClassName=Chopper PMDC Member=Component R? Res1
Added Member To Class: ClassName=Chopper PMDC Member=Component R? Res1
Added Member To Class: ClassName=Chopper PMDC Member=Component R? Res1
Added Member To Class: ClassName=Chopper PMDC Member=Component R? Res1
Added Member To Class: ClassName=Chopper PMDC Member=Component R? Res1
Added Member To Class: ClassName=Chopper PMDC Member=Component R? Res1
Added Member To Class: ClassName=Chopper PMDC Member=Component U? MCP2551-E/P
Added Member To Class: ClassName=Chopper PMDC Member=Component U? MCP2515-E/P
Added Member To Class: ClassName=Chopper PMDC Member=Component U? LM7815
Added Member To Class: ClassName=Chopper PMDC Member=Component U? LM7805
Added Member To Class: ClassName=Chopper PMDC Member=Component U? LM35DT
Added Member To Class: ClassName=Chopper PMDC Member=Component U? ATmega328p
Added Member To Class: ClassName=Chopper PMDC Member=Component Y? 16MHz
Added Member To Class: ClassName=Chopper PMDC Member=Component Y? 16MHz
Added Room: Name=Chopper PMDC
