Added Component: Designator=C1(6-0805)
Added Component: Designator=C2(6-0805)
Added Component: Designator=C3(CapEltr-Rad6.6-Dpp4.5)
Added Component: Designator=C4(6-0805)
Added Component: Designator=C5(CapEltr-Rad4.1-Dpp3.0)
Added Component: Designator=C6(6-0805)
Added Component: Designator=C7(6-0805)
Added Component: Designator=C8(1u25v)
Added Component: Designator=C9(6-0805)
Added Component: Designator=C10(1u25v)
Added Component: Designator=C11(CAPC3216L)
Added Component: Designator=C12(CAPC3216L)
Added Component: Designator=C13(6-0805)
Added Component: Designator=C14(6-0805)
Added Component: Designator=C15(6-0805)
Added Component: Designator=C16(6-0805)
Added Component: Designator=C17(CAPC3216L)
Added Component: Designator=C18(CAPC3216L)
Added Component: Designator=C19(6-0805)
Added Component: Designator=C20(6-0805)
Added Component: Designator=C21(6-0805)
Added Component: Designator=C22(6-0805)
Added Component: Designator=C23(6-0805)
Added Component: Designator=Cbs1(C0805)
Added Component: Designator=Cs1(cap4u7)
Added Component: Designator=D1(SOD87)
Added Component: Designator=D2(SOD87)
Added Component: Designator=D3(SOD87)
Added Component: Designator=D4(SOD87)
Added Component: Designator=D5(SOD87)
Added Component: Designator=D6(SOD87)
Added Component: Designator=Dbs1(SOD87)
Added Component: Designator=Dgfall1(SOD87)
Added Component: Designator=DS1(SOD87)
Added Component: Designator=Dz1(DIODE-0.7)
Added Component: Designator=Dz2(DIODE-0.7)
Added Component: Designator=Dz3(DIODE-0.7)
Added Component: Designator=LD1(6-0805)
Added Component: Designator=LS1(CAPTB5-9x9)
Added Component: Designator=P1(HDR2X2)
Added Component: Designator=P2(HDR2X2)
Added Component: Designator=P3(HDR2X2)
Added Component: Designator=P4(HDR2X2)
Added Component: Designator=P5(HDR2X2)
Added Component: Designator=P6(HDR2X2)
Added Component: Designator=P7(HDR2X2)
Added Component: Designator=P8(HDR2X2)
Added Component: Designator=P9(HDR1X2)
Added Component: Designator=P10(HDR1X2)
Added Component: Designator=P11(HDR1X4)
Added Component: Designator=P12(t-block)
Added Component: Designator=P13(HDR1X4)
Added Component: Designator=P14(HDR1X3)
Added Component: Designator=Q1(22-03)
Added Component: Designator=Q2(22-03)
Added Component: Designator=R1(6-0805)
Added Component: Designator=R2(6-0805)
Added Component: Designator=R3(6-0805)
Added Component: Designator=R4(6-0805)
Added Component: Designator=R5(6-0805)
Added Component: Designator=R6(6-0805)
Added Component: Designator=R7(6-0805)
Added Component: Designator=R8(6-0805)
Added Component: Designator=R9(6-0805)
Added Component: Designator=R10(6-0805)
Added Component: Designator=R11(6-0805)
Added Component: Designator=R12(6-0805)
Added Component: Designator=R13(6-0805)
Added Component: Designator=R14(6-0805)
Added Component: Designator=R15(6-0805)
Added Component: Designator=R16(6-0805)
Added Component: Designator=R17(6-0805)
Added Component: Designator=R18(6-0805)
Added Component: Designator=R19(6-0805)
Added Component: Designator=R20(6-0805)
Added Component: Designator=R21(6-0805)
Added Component: Designator=R22(6-0805)
Added Component: Designator=Rgfall1(6-0805)
Added Component: Designator=Rgrise1(6-0805)
Added Component: Designator=S1(SOT-227B)
Added Component: Designator=S2(SOT-227B)
Added Component: Designator=S*1(LA150-P)
Added Component: Designator=U1(TO-220AB)
Added Component: Designator=U2(SO8_M)
Added Component: Designator=U3(TO-220AB)
Added Component: Designator=U4(TO-220AB)
Added Component: Designator=U5(28P3)
Added Component: Designator=U6(TA03F)
Added Component: Designator=U7(PDIP300-P18)
Added Component: Designator=U8(PDIP300-P8)
Added Component: Designator=Y1(BCY-W2/D3.1)
Added Component: Designator=Y2(BCY-W2/E4.7)
Added Pin To Net: NetName=+5V Pin=C10-2
Added Pin To Net: NetName=+5V Pin=C14-1
Added Pin To Net: NetName=+5V Pin=C15-1
Added Pin To Net: NetName=+5V Pin=C16-1
Added Pin To Net: NetName=+5V Pin=C20-2
Added Pin To Net: NetName=+5V Pin=C22-2
Added Pin To Net: NetName=+5V Pin=C23-2
Added Pin To Net: NetName=+5V Pin=P12-1
Added Pin To Net: NetName=+5V Pin=R12-2
Added Pin To Net: NetName=+5V Pin=R15-1
Added Pin To Net: NetName=+5V Pin=U4-3
Added Pin To Net: NetName=+5V Pin=U5-7
Added Pin To Net: NetName=+5V Pin=U5-20
Added Net: Name=+5V
Added Pin To Net: NetName=+15V Pin=C1-1
Added Pin To Net: NetName=+15V Pin=C8-2
Added Pin To Net: NetName=+15V Pin=C9-2
Added Pin To Net: NetName=+15V Pin=D5-K
Added Pin To Net: NetName=+15V Pin=D6-K
Added Pin To Net: NetName=+15V Pin=Dbs1-A
Added Pin To Net: NetName=+15V Pin=P14-2
Added Pin To Net: NetName=+15V Pin=U3-3
Added Pin To Net: NetName=+15V Pin=U4-1
Added Net: Name=+15V
Added Pin To Net: NetName=+24V Pin=C4-2
Added Pin To Net: NetName=+24V Pin=C5-2
Added Pin To Net: NetName=+24V Pin=C7-2
Added Pin To Net: NetName=+24V Pin=D1-A
Added Pin To Net: NetName=+24V Pin=D4-K
Added Pin To Net: NetName=+24V Pin=R1-1
Added Pin To Net: NetName=+24V Pin=S*1-3
Added Pin To Net: NetName=+24V Pin=U1-2
Added Pin To Net: NetName=+24V Pin=U3-1
Added Net: Name=+24V
Added Pin To Net: NetName=+VBAT Pin=D2-A
Added Pin To Net: NetName=+VBAT Pin=P1-1
Added Pin To Net: NetName=+VBAT Pin=P1-2
Added Pin To Net: NetName=+VBAT Pin=P1-3
Added Pin To Net: NetName=+VBAT Pin=P1-4
Added Pin To Net: NetName=+VBAT Pin=P3-1
Added Pin To Net: NetName=+VBAT Pin=P3-2
Added Pin To Net: NetName=+VBAT Pin=P3-3
Added Pin To Net: NetName=+VBAT Pin=P3-4
Added Pin To Net: NetName=+VBAT Pin=R13-1
Added Net: Name=+VBAT
Added Pin To Net: NetName=DRAIN Pin=D3-K
Added Pin To Net: NetName=DRAIN Pin=P2-1
Added Pin To Net: NetName=DRAIN Pin=P2-2
Added Pin To Net: NetName=DRAIN Pin=P2-3
Added Pin To Net: NetName=DRAIN Pin=P2-4
Added Net: Name=DRAIN
Added Pin To Net: NetName=FAULT Pin=Dz1-2
Added Pin To Net: NetName=FAULT Pin=U5-5
Added Net: Name=FAULT
Added Pin To Net: NetName=GATE Pin=Dgfall1-A
Added Pin To Net: NetName=GATE Pin=P4-1
Added Pin To Net: NetName=GATE Pin=P4-2
Added Pin To Net: NetName=GATE Pin=P4-3
Added Pin To Net: NetName=GATE Pin=P4-4
Added Pin To Net: NetName=GATE Pin=Rgrise1-1
Added Net: Name=GATE
Added Pin To Net: NetName=NetC2_2 Pin=C2-2
Added Pin To Net: NetName=NetC2_2 Pin=C3-2
Added Pin To Net: NetName=NetC2_2 Pin=D1-K
Added Pin To Net: NetName=NetC2_2 Pin=D2-K
Added Pin To Net: NetName=NetC2_2 Pin=U1-3
Added Net: Name=NetC2_2
Added Pin To Net: NetName=NetC6_2 Pin=C6-2
Added Pin To Net: NetName=NetC6_2 Pin=D4-A
Added Pin To Net: NetName=NetC6_2 Pin=R1-2
Added Pin To Net: NetName=NetC6_2 Pin=R6-2
Added Pin To Net: NetName=NetC6_2 Pin=R7-2
Added Pin To Net: NetName=NetC6_2 Pin=U1-1
Added Net: Name=NetC6_2
Added Pin To Net: NetName=NetC11_2 Pin=U5-9
Added Pin To Net: NetName=NetC11_2 Pin=Y1-2
Added Net: Name=NetC11_2
Added Pin To Net: NetName=NetC12_2 Pin=U5-10
Added Pin To Net: NetName=NetC12_2 Pin=Y1-1
Added Net: Name=NetC12_2
Added Pin To Net: NetName=NetC13_1 Pin=C13-1
Added Pin To Net: NetName=NetC13_1 Pin=Dz2-2
Added Pin To Net: NetName=NetC13_1 Pin=R11-1
Added Pin To Net: NetName=NetC13_1 Pin=S*1-1
Added Pin To Net: NetName=NetC13_1 Pin=U5-25
Added Net: Name=NetC13_1
Added Pin To Net: NetName=NetC17_2 Pin=Y2-2
Added Net: Name=NetC17_2
Added Pin To Net: NetName=NetC18_2 Pin=Y2-1
Added Net: Name=NetC18_2
Added Pin To Net: NetName=NetC19_1 Pin=C19-1
Added Pin To Net: NetName=NetC19_1 Pin=Dz3-2
Added Pin To Net: NetName=NetC19_1 Pin=R13-2
Added Pin To Net: NetName=NetC19_1 Pin=R14-1
Added Pin To Net: NetName=NetC19_1 Pin=U5-26
Added Net: Name=NetC19_1
Added Pin To Net: NetName=NetC21_1 Pin=C21-1
Added Pin To Net: NetName=NetC21_1 Pin=P12-2
Added Pin To Net: NetName=NetC21_1 Pin=U5-24
Added Net: Name=NetC21_1
Added Pin To Net: NetName=NetCbs1_2 Pin=Cbs1-2
Added Pin To Net: NetName=NetCbs1_2 Pin=Dbs1-K
Added Net: Name=NetCbs1_2
Added Pin To Net: NetName=NetCs1_2 Pin=Cs1-2
Added Pin To Net: NetName=NetCs1_2 Pin=DS1-K
Added Net: Name=NetCs1_2
Added Pin To Net: NetName=NetD3_1 Pin=D3-A
Added Pin To Net: NetName=NetD3_1 Pin=R2-1
Added Pin To Net: NetName=NetD3_1 Pin=R3-1
Added Pin To Net: NetName=NetD3_1 Pin=R4-1
Added Net: Name=NetD3_1
Added Pin To Net: NetName=NetD5_1 Pin=D5-A
Added Pin To Net: NetName=NetD5_1 Pin=P14-1
Added Pin To Net: NetName=NetD5_1 Pin=Q2-3
Added Net: Name=NetD5_1
Added Pin To Net: NetName=NetD6_1 Pin=D6-A
Added Pin To Net: NetName=NetD6_1 Pin=P14-3
Added Pin To Net: NetName=NetD6_1 Pin=Q1-3
Added Net: Name=NetD6_1
Added Pin To Net: NetName=NetDgfall1_2 Pin=Dgfall1-K
Added Pin To Net: NetName=NetDgfall1_2 Pin=Rgfall1-1
Added Net: Name=NetDgfall1_2
Added Pin To Net: NetName=NetDS1_1 Pin=DS1-A
Added Pin To Net: NetName=NetDS1_1 Pin=P5-1
Added Pin To Net: NetName=NetDS1_1 Pin=P5-2
Added Pin To Net: NetName=NetDS1_1 Pin=P5-3
Added Pin To Net: NetName=NetDS1_1 Pin=P5-4
Added Net: Name=NetDS1_1
Added Pin To Net: NetName=NetLD1_1 Pin=LD1-1
Added Pin To Net: NetName=NetLD1_1 Pin=R18-1
Added Net: Name=NetLD1_1
Added Pin To Net: NetName=NetLS1_1 Pin=LS1-1
Added Pin To Net: NetName=NetLS1_1 Pin=U5-27
Added Net: Name=NetLS1_1
Added Pin To Net: NetName=NetP7_1 Pin=P7-1
Added Pin To Net: NetName=NetP7_1 Pin=P7-3
Added Net: Name=NetP7_1
Added Pin To Net: NetName=NetP7_2 Pin=P7-2
Added Pin To Net: NetName=NetP7_2 Pin=P7-4
Added Net: Name=NetP7_2
Added Pin To Net: NetName=NetP8_1 Pin=P8-1
Added Pin To Net: NetName=NetP8_1 Pin=P8-3
Added Net: Name=NetP8_1
Added Pin To Net: NetName=NetP9_1 Pin=P9-1
Added Pin To Net: NetName=NetP9_1 Pin=U5-6
Added Net: Name=NetP9_1
Added Pin To Net: NetName=NetP10_1 Pin=P10-1
Added Pin To Net: NetName=NetP10_1 Pin=U5-11
Added Net: Name=NetP10_1
Added Pin To Net: NetName=NetP11_2 Pin=P11-2
Added Pin To Net: NetName=NetP11_2 Pin=U5-3
Added Net: Name=NetP11_2
Added Pin To Net: NetName=NetP11_3 Pin=P11-3
Added Pin To Net: NetName=NetP11_3 Pin=U5-2
Added Net: Name=NetP11_3
Added Pin To Net: NetName=NetP13_2 Pin=P13-2
Added Pin To Net: NetName=NetP13_2 Pin=R16-1
Added Net: Name=NetP13_2
Added Pin To Net: NetName=NetP13_3 Pin=P13-3
Added Pin To Net: NetName=NetP13_3 Pin=R16-2
Added Net: Name=NetP13_3
Added Pin To Net: NetName=NetQ1_2 Pin=Q1-2
Added Pin To Net: NetName=NetQ1_2 Pin=R20-1
Added Pin To Net: NetName=NetQ1_2 Pin=R22-2
Added Net: Name=NetQ1_2
Added Pin To Net: NetName=NetQ2_2 Pin=Q2-2
Added Pin To Net: NetName=NetQ2_2 Pin=R19-2
Added Pin To Net: NetName=NetQ2_2 Pin=R21-2
Added Net: Name=NetQ2_2
Added Pin To Net: NetName=NetR2_2 Pin=R2-2
Added Pin To Net: NetName=NetR2_2 Pin=R5-1
Added Net: Name=NetR2_2
Added Pin To Net: NetName=NetR3_2 Pin=R3-2
Added Pin To Net: NetName=NetR3_2 Pin=Rgfall1-2
Added Pin To Net: NetName=NetR3_2 Pin=Rgrise1-2
Added Net: Name=NetR3_2
Added Pin To Net: NetName=NetR4_2 Pin=R4-2
Added Pin To Net: NetName=NetR4_2 Pin=R5-2
Added Pin To Net: NetName=NetR4_2 Pin=R8-1
Added Pin To Net: NetName=NetR4_2 Pin=R9-1
Added Net: Name=NetR4_2
Added Pin To Net: NetName=NetR9_2 Pin=R9-2
Added Pin To Net: NetName=NetR9_2 Pin=R10-2
Added Net: Name=NetR9_2
Added Pin To Net: NetName=NetR12_1 Pin=R12-1
Added Pin To Net: NetName=NetR12_1 Pin=U5-1
Added Net: Name=NetR12_1
Added Pin To Net: NetName=NetR15_2 Pin=R15-2
Added Net: Name=NetR15_2
Added Pin To Net: NetName=NetR17_2 Pin=R17-2
Added Net: Name=NetR17_2
Added Pin To Net: NetName=NetR18_2 Pin=R18-2
Added Pin To Net: NetName=NetR18_2 Pin=U5-28
Added Net: Name=NetR18_2
Added Pin To Net: NetName=NetR19_1 Pin=R19-1
Added Pin To Net: NetName=NetR19_1 Pin=U5-12
Added Net: Name=NetR19_1
Added Pin To Net: NetName=NetR20_2 Pin=R20-2
Added Pin To Net: NetName=NetR20_2 Pin=U5-13
Added Net: Name=NetR20_2
Added Pin To Net: NetName=NetU5_4 Pin=U5-4
Added Net: Name=NetU5_4
Added Pin To Net: NetName=NetU5_16 Pin=U5-16
Added Net: Name=NetU5_16
Added Pin To Net: NetName=NetU5_17 Pin=U5-17
Added Net: Name=NetU5_17
Added Pin To Net: NetName=NetU5_18 Pin=U5-18
Added Net: Name=NetU5_18
Added Pin To Net: NetName=NetU5_19 Pin=U5-19
Added Net: Name=NetU5_19
Added Pin To Net: NetName=NetU5_23 Pin=U5-23
Added Net: Name=NetU5_23
Added Net: Name=NetU7_1
Added Net: Name=NetU7_2
Added Net: Name=NetU7_16
Added Pin To Net: NetName=PWM Pin=U5-15
Added Net: Name=PWM
Added Pin To Net: NetName=SOURCE Pin=C1-2
Added Pin To Net: NetName=SOURCE Pin=C2-1
Added Pin To Net: NetName=SOURCE Pin=C3-1
Added Pin To Net: NetName=SOURCE Pin=C4-1
Added Pin To Net: NetName=SOURCE Pin=C5-1
Added Pin To Net: NetName=SOURCE Pin=C6-1
Added Pin To Net: NetName=SOURCE Pin=C7-1
Added Pin To Net: NetName=SOURCE Pin=C8-1
Added Pin To Net: NetName=SOURCE Pin=C9-1
Added Pin To Net: NetName=SOURCE Pin=C10-1
Added Pin To Net: NetName=SOURCE Pin=C13-2
Added Pin To Net: NetName=SOURCE Pin=C14-2
Added Pin To Net: NetName=SOURCE Pin=C15-2
Added Pin To Net: NetName=SOURCE Pin=C16-2
Added Pin To Net: NetName=SOURCE Pin=C19-2
Added Pin To Net: NetName=SOURCE Pin=C20-1
Added Pin To Net: NetName=SOURCE Pin=C21-2
Added Pin To Net: NetName=SOURCE Pin=C22-1
Added Pin To Net: NetName=SOURCE Pin=C23-1
Added Pin To Net: NetName=SOURCE Pin=Cbs1-1
Added Pin To Net: NetName=SOURCE Pin=Cs1-1
Added Pin To Net: NetName=SOURCE Pin=Dz1-1
Added Pin To Net: NetName=SOURCE Pin=Dz2-1
Added Pin To Net: NetName=SOURCE Pin=Dz3-1
Added Pin To Net: NetName=SOURCE Pin=LD1-2
Added Pin To Net: NetName=SOURCE Pin=LS1-2
Added Pin To Net: NetName=SOURCE Pin=P6-1
Added Pin To Net: NetName=SOURCE Pin=P6-2
Added Pin To Net: NetName=SOURCE Pin=P6-3
Added Pin To Net: NetName=SOURCE Pin=P6-4
Added Pin To Net: NetName=SOURCE Pin=P8-2
Added Pin To Net: NetName=SOURCE Pin=P8-4
Added Pin To Net: NetName=SOURCE Pin=P9-2
Added Pin To Net: NetName=SOURCE Pin=P10-2
Added Pin To Net: NetName=SOURCE Pin=P11-4
Added Pin To Net: NetName=SOURCE Pin=P12-3
Added Pin To Net: NetName=SOURCE Pin=P13-4
Added Pin To Net: NetName=SOURCE Pin=Q1-1
Added Pin To Net: NetName=SOURCE Pin=Q2-1
Added Pin To Net: NetName=SOURCE Pin=R6-1
Added Pin To Net: NetName=SOURCE Pin=R7-1
Added Pin To Net: NetName=SOURCE Pin=R8-2
Added Pin To Net: NetName=SOURCE Pin=R10-1
Added Pin To Net: NetName=SOURCE Pin=R11-2
Added Pin To Net: NetName=SOURCE Pin=R14-2
Added Pin To Net: NetName=SOURCE Pin=R17-1
Added Pin To Net: NetName=SOURCE Pin=R21-1
Added Pin To Net: NetName=SOURCE Pin=R22-1
Added Pin To Net: NetName=SOURCE Pin=S*1-2
Added Pin To Net: NetName=SOURCE Pin=U3-2
Added Pin To Net: NetName=SOURCE Pin=U4-2
Added Pin To Net: NetName=SOURCE Pin=U5-8
Added Pin To Net: NetName=SOURCE Pin=U5-22
Added Net: Name=SOURCE
Added Pin To Net: NetName=VCC Pin=P11-1
Added Pin To Net: NetName=VCC Pin=P13-1
Added Net: Name=VCC
Added Class: Name=Chopper PMDC
