Removed Pin From Net: NetName=+VBAT Pin=P3-1
Removed Pin From Net: NetName=+VBAT Pin=P3-2
Removed Pin From Net: NetName=+VBAT Pin=P3-3
Removed Pin From Net: NetName=+VBAT Pin=P3-4
Removed Pin From Net: NetName=NetP7_1 Pin=P7-1
Removed Pin From Net: NetName=NetP7_1 Pin=P7-2
Removed Pin From Net: NetName=NetP7_1 Pin=P7-3
Removed Pin From Net: NetName=NetP7_1 Pin=P7-4
Removed Pin From Net: NetName=SOURCE Pin=P8-1
Removed Pin From Net: NetName=SOURCE Pin=P8-2
Removed Pin From Net: NetName=SOURCE Pin=P8-3
Removed Pin From Net: NetName=SOURCE Pin=P8-4
Change Component Designator: OldDesignator=P7_1 NewDesignator=P7
Change Component Designator: OldDesignator=P9_1 NewDesignator=P8
Change Component Designator: OldDesignator=P11_1 NewDesignator=P3
Change Component Designator: OldDesignator=S1_1 NewDesignator=S1
Change Component Designator: OldDesignator=S2_1 NewDesignator=S2
Added Pin To Net: NetName=+VBAT Pin=P3-1
Added Pin To Net: NetName=+VBAT Pin=P3-2
Added Pin To Net: NetName=+VBAT Pin=P3-3
Added Pin To Net: NetName=+VBAT Pin=P3-4
Added Pin To Net: NetName=NetP7_1 Pin=P7-1
Added Pin To Net: NetName=NetP7_1 Pin=P7-2
Added Pin To Net: NetName=NetP7_1 Pin=P7-3
Added Pin To Net: NetName=NetP7_1 Pin=P7-4
Added Pin To Net: NetName=SOURCE Pin=P8-1
Added Pin To Net: NetName=SOURCE Pin=P8-2
Added Pin To Net: NetName=SOURCE Pin=P8-3
Added Pin To Net: NetName=SOURCE Pin=P8-4
Added Pin To Net: NetName=NetCs1_2 Pin=RS1-1
Added Pin To Net: NetName=NetDS1_1 Pin=RS1-2
Added Pin To Net: NetName=NetCs1_2 Pin=RS2-1
Added Pin To Net: NetName=NetDS1_1 Pin=RS2-2
Added Pin To Net: NetName=NetDS1_1 Pin=S1-1
Added Pin To Net: NetName=NetDS1_1 Pin=S1-1
Added Pin To Net: NetName=+24V Pin=S1-3
Added Pin To Net: NetName=SOURCE Pin=S2-1
Added Pin To Net: NetName=SOURCE Pin=S2-1
Added Pin To Net: NetName=NetP7_1 Pin=S2-2
Added Pin To Net: NetName=NetDS1_1 Pin=S2-3
