Removed Pin From Net: NetName=NetC13_1 Pin=C13-1
Change Component Designator: OldDesignator=C13 NewDesignator=C14
Change Component Designator: OldDesignator=C14 NewDesignator=C15
Change Component Designator: OldDesignator=C15 NewDesignator=C16
Change Component Designator: OldDesignator=C16 NewDesignator=C17
Change Component Designator: OldDesignator=C17 NewDesignator=C18
Change Component Designator: OldDesignator=C18 NewDesignator=C20
Change Component Designator: OldDesignator=C19 NewDesignator=C22
Change Component Designator: OldDesignator=C20 NewDesignator=C23
Change Component Designator: OldDesignator=LS? NewDesignator=LS1
Change Component Designator: OldDesignator=R14 NewDesignator=R18
Change Component Designator: OldDesignator=R15 NewDesignator=R14
Change Component Designator: OldDesignator=R16 NewDesignator=R15
Change Component Designator: OldDesignator=R17 NewDesignator=R16
Change Component Designator: OldDesignator=R18 NewDesignator=R17
Added Component: Designator=C13(6-0805)
Added Component: Designator=C19(6-0805)
Added Component: Designator=C21(6-0805)
Added Pin To Net: NetName=NetC13_1 Pin=C13-1
Added Pin To Net: NetName=SOURCE Pin=C13-2
Added Pin To Net: NetName=+5V Pin=C14-1
Added Pin To Net: NetName=NetC13_1 Pin=C19-1
Added Pin To Net: NetName=SOURCE Pin=C19-2
Added Pin To Net: NetName=SOURCE Pin=C21-2
Change Net Name : Old Net Name=NetC13_1 New Net Name=NetC19_1
Change Net Name : Old Net Name=NetC16_2 New Net Name=NetC17_2
Change Net Name : Old Net Name=NetC17_2 New Net Name=NetC18_2
Change Net Name : Old Net Name=NetLS?_1 New Net Name=NetLS1_1
Change Net Name : Old Net Name=NetR14_2 New Net Name=NetR18_2
Change Net Name : Old Net Name=NetR16_2 New Net Name=NetR15_2
Change Net Name : Old Net Name=NetR17_1 New Net Name=NetR16_1
Change Net Name : Old Net Name=NetR17_2 New Net Name=NetR16_2
Change Net Name : Old Net Name=NetR18_2 New Net Name=NetR17_2
Added Pin To Net: NetName=NetC21_1 Pin=C21-1
Added Pin To Net: NetName=NetC21_1 Pin=P12-2
Added Pin To Net: NetName=NetC21_1 Pin=U5-24
Added Net: Name=NetC21_1
Added Member To Class: ClassName=Chopper PMDC Member=Component C21 Cap
Added Member To Class: ClassName=Chopper PMDC Member=Component C22 Cap
Added Member To Class: ClassName=Chopper PMDC Member=Component C23 Cap
