Added Component: Designator=C11(CAPC3216L)
Added Component: Designator=C12(CAPC3216L)
Added Component: Designator=C16(CAPC3216L)
Added Component: Designator=C17(CAPC3216L)
Added Component: Designator=P1(HDR2X2)
Added Component: Designator=P2(HDR2X2)
Added Component: Designator=P3(HDR2X2)
Added Component: Designator=P4(HDR2X2)
Added Component: Designator=P5(HDR2X2)
Added Component: Designator=P6(HDR2X2)
Added Component: Designator=P7(HDR2X2)
Added Component: Designator=P8(HDR2X2)
Added Component: Designator=P9(HDR1X2)
Added Component: Designator=P10(HDR1X2)
Added Component: Designator=P11(HDR1X4)
Added Component: Designator=P13(HDR1X3)
Added Component: Designator=Y1(BCY-W2/D3.1)
Added Component: Designator=Y2(BCY-W2/D3.1)
Added Net: Name=+5V
Added Pin To Net: NetName=+15V Pin=P13-2
Added Net: Name=+15V
Added Net: Name=+24V
Added Pin To Net: NetName=+VBAT Pin=P1-1
Added Pin To Net: NetName=+VBAT Pin=P1-2
Added Pin To Net: NetName=+VBAT Pin=P1-3
Added Pin To Net: NetName=+VBAT Pin=P1-4
Added Pin To Net: NetName=+VBAT Pin=P3-1
Added Pin To Net: NetName=+VBAT Pin=P3-2
Added Pin To Net: NetName=+VBAT Pin=P3-3
Added Pin To Net: NetName=+VBAT Pin=P3-4
Added Net: Name=+VBAT
Added Net: Name=FAULT
Added Pin To Net: NetName=GATE Pin=P4-1
Added Pin To Net: NetName=GATE Pin=P4-2
Added Pin To Net: NetName=GATE Pin=P4-3
Added Pin To Net: NetName=GATE Pin=P4-4
Added Net: Name=GATE
Added Net: Name=NetC2_2
Added Net: Name=NetC6_2
Added Pin To Net: NetName=NetC11_2 Pin=C11-2
Added Pin To Net: NetName=NetC11_2 Pin=Y1-2
Added Net: Name=NetC11_2
Added Pin To Net: NetName=NetC12_2 Pin=C12-2
Added Pin To Net: NetName=NetC12_2 Pin=Y1-1
Added Net: Name=NetC12_2
Added Pin To Net: NetName=NetC16_2 Pin=C16-2
Added Pin To Net: NetName=NetC16_2 Pin=Y2-2
Added Net: Name=NetC16_2
Added Pin To Net: NetName=NetC17_2 Pin=C17-2
Added Pin To Net: NetName=NetC17_2 Pin=Y2-1
Added Net: Name=NetC17_2
Added Net: Name=NetCbs1_2
Added Net: Name=NetCs1_2
Added Net: Name=NetD3_1
Added Pin To Net: NetName=NetD3_2 Pin=P2-1
Added Pin To Net: NetName=NetD3_2 Pin=P2-2
Added Pin To Net: NetName=NetD3_2 Pin=P2-3
Added Pin To Net: NetName=NetD3_2 Pin=P2-4
Added Net: Name=NetD3_2
Added Pin To Net: NetName=NetD5_1 Pin=P13-1
Added Net: Name=NetD5_1
Added Pin To Net: NetName=NetD6_1 Pin=P13-3
Added Net: Name=NetD6_1
Added Net: Name=NetDgfall1_2
Added Pin To Net: NetName=NetDS1_1 Pin=P5-1
Added Pin To Net: NetName=NetDS1_1 Pin=P5-2
Added Pin To Net: NetName=NetDS1_1 Pin=P5-3
Added Pin To Net: NetName=NetDS1_1 Pin=P5-4
Added Net: Name=NetDS1_1
Added Net: Name=NetDz2_2
Added Net: Name=NetDz3_2
Added Net: Name=NetLD1_1
Added Pin To Net: NetName=NetP7_1 Pin=P7-1
Added Pin To Net: NetName=NetP7_1 Pin=P7-2
Added Pin To Net: NetName=NetP7_1 Pin=P7-3
Added Pin To Net: NetName=NetP7_1 Pin=P7-4
Added Net: Name=NetP7_1
Added Pin To Net: NetName=NetP9_1 Pin=P9-1
Added Net: Name=NetP9_1
Added Pin To Net: NetName=NetP10_1 Pin=P10-1
Added Net: Name=NetP10_1
Added Pin To Net: NetName=NetP11_2 Pin=P11-2
Added Net: Name=NetP11_2
Added Pin To Net: NetName=NetP11_3 Pin=P11-3
Added Net: Name=NetP11_3
Added Net: Name=NetP12_2
Added Net: Name=NetQ1_2
Added Net: Name=NetQ2_2
Added Net: Name=NetR2_2
Added Net: Name=NetR3_2
Added Net: Name=NetR4_2
Added Net: Name=NetR9_2
Added Net: Name=NetR12_1
Added Net: Name=NetR14_1
Added Net: Name=NetR16_2
Added Net: Name=NetR17_1
Added Net: Name=NetR17_2
Added Net: Name=NetR18_2
Added Net: Name=NetR19_1
Added Net: Name=NetR20_2
Added Net: Name=NetU5_4
Added Net: Name=NetU5_16
Added Net: Name=NetU5_17
Added Net: Name=NetU5_18
Added Net: Name=NetU5_19
Added Net: Name=NetU5_23
Added Net: Name=NetU5_27
Added Net: Name=NetU7_1
Added Net: Name=NetU7_2
Added Net: Name=NetU7_16
Added Net: Name=PWM
Added Pin To Net: NetName=SOURCE Pin=C11-1
Added Pin To Net: NetName=SOURCE Pin=C12-1
Added Pin To Net: NetName=SOURCE Pin=C16-1
Added Pin To Net: NetName=SOURCE Pin=C17-1
Added Pin To Net: NetName=SOURCE Pin=P6-1
Added Pin To Net: NetName=SOURCE Pin=P6-2
Added Pin To Net: NetName=SOURCE Pin=P6-3
Added Pin To Net: NetName=SOURCE Pin=P6-4
Added Pin To Net: NetName=SOURCE Pin=P8-1
Added Pin To Net: NetName=SOURCE Pin=P8-2
Added Pin To Net: NetName=SOURCE Pin=P8-3
Added Pin To Net: NetName=SOURCE Pin=P8-4
Added Pin To Net: NetName=SOURCE Pin=P9-2
Added Pin To Net: NetName=SOURCE Pin=P10-2
Added Pin To Net: NetName=SOURCE Pin=P11-4
Added Net: Name=SOURCE
Added Pin To Net: NetName=VCC Pin=P11-1
Added Net: Name=VCC
Added Class: Name=Chopper PMDC
Added Room: Name=Chopper PMDC
